Start testing: Jul 28 19:34 CEST
----------------------------------------------------------
1/5 Testing: static_look_ahead_buffer
1/5 Test: static_look_ahead_buffer
Command: "/home/martin/LL1/build/tests/tests" "static_look_ahead_buffer"
Directory: /home/martin/LL1/build/tests
"static_look_ahead_buffer" start time: Jul 28 19:34 CEST
Output:
----------------------------------------------------------
===============================================================================
No tests ran

<end of output>
Test time =   0.00 sec
----------------------------------------------------------
Test Passed.
"static_look_ahead_buffer" end time: Jul 28 19:34 CEST
"static_look_ahead_buffer" time elapsed: 00:00:00
----------------------------------------------------------

2/5 Testing: is
2/5 Test: is
Command: "/home/martin/LL1/build/tests/tests" "is"
Directory: /home/martin/LL1/build/tests
"is" start time: Jul 28 19:34 CEST
Output:
----------------------------------------------------------
===============================================================================
No tests ran

<end of output>
Test time =   0.00 sec
----------------------------------------------------------
Test Passed.
"is" end time: Jul 28 19:34 CEST
"is" time elapsed: 00:00:00
----------------------------------------------------------

3/5 Testing: is-not
3/5 Test: is-not
Command: "/home/martin/LL1/build/tests/tests" "is-not"
Directory: /home/martin/LL1/build/tests
"is-not" start time: Jul 28 19:34 CEST
Output:
----------------------------------------------------------
===============================================================================
No tests ran

<end of output>
Test time =   0.00 sec
----------------------------------------------------------
Test Passed.
"is-not" end time: Jul 28 19:34 CEST
"is-not" time elapsed: 00:00:00
----------------------------------------------------------

4/5 Testing: is-one-of
4/5 Test: is-one-of
Command: "/home/martin/LL1/build/tests/tests" "is-one-of"
Directory: /home/martin/LL1/build/tests
"is-one-of" start time: Jul 28 19:34 CEST
Output:
----------------------------------------------------------
===============================================================================
No tests ran

<end of output>
Test time =   0.00 sec
----------------------------------------------------------
Test Passed.
"is-one-of" end time: Jul 28 19:34 CEST
"is-one-of" time elapsed: 00:00:00
----------------------------------------------------------

5/5 Testing: sequential
5/5 Test: sequential
Command: "/home/martin/LL1/build/examples/sequential"
Directory: /home/martin/LL1/build/examples
"sequential" start time: Jul 28 19:34 CEST
Output:
----------------------------------------------------------
-3
-3
-2
-1
0
-1
0
1
1
2
2
2
4
5
8
<end of output>
Test time =   0.00 sec
----------------------------------------------------------
Test Pass Reason:
Required regular expression found.Regex=[^-3[
	 ]*-3[
	 ]*-2[
	 ]*-1[
	 ]*0[
	 ]*-1[
	 ]*0[
	 ]*1[
	 ]*1[
	 ]*2[
	 ]*2[
	 ]*2[
	 ]*4[
	 ]*5[
	 ]*8[
	 ]*
]
"sequential" end time: Jul 28 19:34 CEST
"sequential" time elapsed: 00:00:00
----------------------------------------------------------

End testing: Jul 28 19:34 CEST
